<?xml version="1.0" encoding="UTF-8"?>
<coverage generated="1553443731239" clover="3.2.0">
  <project timestamp="1553443731240" name="All files">
    <metrics statements="21" coveredstatements="8" conditionals="12" coveredconditionals="4" methods="5" coveredmethods="2" elements="38" coveredelements="14" complexity="0" loc="21" ncloc="21" packages="1" files="1" classes="1"/>
    <file name="AdminNotice.js" path="/Users/adriano/local-sites/rest-routes/app/public/wp-content/plugins/rest-routes-pro/admin-notice/src/AdminNotice.js">
      <metrics statements="21" coveredstatements="8" conditionals="12" coveredconditionals="4" methods="5" coveredmethods="2"/>
      <line num="10" count="0" type="stmt"/>
      <line num="11" count="0" type="stmt"/>
      <line num="13" count="0" type="cond" truecount="0" falsecount="2"/>
      <line num="14" count="0" type="stmt"/>
      <line num="20" count="1" type="cond" truecount="1" falsecount="1"/>
      <line num="21" count="0" type="stmt"/>
      <line num="22" count="0" type="stmt"/>
      <line num="28" count="1" type="stmt"/>
      <line num="30" count="1" type="cond" truecount="1" falsecount="3"/>
      <line num="32" count="0" type="stmt"/>
      <line num="33" count="0" type="stmt"/>
      <line num="36" count="0" type="stmt"/>
      <line num="37" count="0" type="stmt"/>
      <line num="40" count="0" type="stmt"/>
      <line num="41" count="0" type="stmt"/>
      <line num="44" count="1" type="stmt"/>
      <line num="45" count="1" type="stmt"/>
      <line num="48" count="1" type="cond" truecount="1" falsecount="1"/>
      <line num="49" count="0" type="stmt"/>
      <line num="52" count="1" type="stmt"/>
      <line num="57" count="1" type="stmt"/>
    </file>
  </project>
</coverage>
