{"/Users/adriano/local-sites/rest-routes/app/public/wp-content/plugins/rest-routes-pro/admin-notice/src/AdminNotice.js": {"path":"/Users/adriano/local-sites/rest-routes/app/public/wp-content/plugins/rest-routes-pro/admin-notice/src/AdminNotice.js","statementMap":{"0":{"start":{"line":10,"column":2},"end":{"line":16,"column":8}},"1":{"start":{"line":11,"column":3},"end":{"line":11,"column":54}},"2":{"start":{"line":13,"column":3},"end":{"line":15,"column":4}},"3":{"start":{"line":14,"column":4},"end":{"line":14,"column":27}},"4":{"start":{"line":20,"column":2},"end":{"line":24,"column":3}},"5":{"start":{"line":21,"column":3},"end":{"line":23,"column":12}},"6":{"start":{"line":22,"column":4},"end":{"line":22,"column":27}},"7":{"start":{"line":28,"column":20},"end":{"line":28,"column":22}},"8":{"start":{"line":30,"column":2},"end":{"line":46,"column":3}},"9":{"start":{"line":32,"column":4},"end":{"line":32,"column":47}},"10":{"start":{"line":33,"column":4},"end":{"line":33,"column":10}},"11":{"start":{"line":36,"column":4},"end":{"line":36,"column":49}},"12":{"start":{"line":37,"column":4},"end":{"line":37,"column":10}},"13":{"start":{"line":40,"column":4},"end":{"line":40,"column":46}},"14":{"start":{"line":41,"column":4},"end":{"line":41,"column":10}},"15":{"start":{"line":44,"column":4},"end":{"line":44,"column":48}},"16":{"start":{"line":45,"column":4},"end":{"line":45,"column":10}},"17":{"start":{"line":48,"column":2},"end":{"line":50,"column":3}},"18":{"start":{"line":49,"column":3},"end":{"line":49,"column":36}},"19":{"start":{"line":52,"column":16},"end":{"line":55,"column":3}},"20":{"start":{"line":57,"column":2},"end":{"line":59,"column":8}}},"fnMap":{"0":{"name":"(anonymous_0)","decl":{"start":{"line":9,"column":1},"end":{"line":9,"column":2}},"loc":{"start":{"line":9,"column":19},"end":{"line":17,"column":2}},"line":9},"1":{"name":"(anonymous_1)","decl":{"start":{"line":10,"column":13},"end":{"line":10,"column":14}},"loc":{"start":{"line":10,"column":19},"end":{"line":16,"column":3}},"line":10},"2":{"name":"(anonymous_2)","decl":{"start":{"line":19,"column":1},"end":{"line":19,"column":2}},"loc":{"start":{"line":19,"column":21},"end":{"line":25,"column":2}},"line":19},"3":{"name":"(anonymous_3)","decl":{"start":{"line":21,"column":14},"end":{"line":21,"column":15}},"loc":{"start":{"line":21,"column":20},"end":{"line":23,"column":4}},"line":21},"4":{"name":"(anonymous_4)","decl":{"start":{"line":27,"column":1},"end":{"line":27,"column":2}},"loc":{"start":{"line":27,"column":10},"end":{"line":60,"column":2}},"line":27}},"branchMap":{"0":{"loc":{"start":{"line":13,"column":3},"end":{"line":15,"column":4}},"type":"if","locations":[{"start":{"line":13,"column":3},"end":{"line":15,"column":4}},{"start":{"line":13,"column":3},"end":{"line":15,"column":4}}],"line":13},"1":{"loc":{"start":{"line":20,"column":2},"end":{"line":24,"column":3}},"type":"if","locations":[{"start":{"line":20,"column":2},"end":{"line":24,"column":3}},{"start":{"line":20,"column":2},"end":{"line":24,"column":3}}],"line":20},"2":{"loc":{"start":{"line":30,"column":2},"end":{"line":46,"column":3}},"type":"switch","locations":[{"start":{"line":31,"column":3},"end":{"line":33,"column":10}},{"start":{"line":35,"column":3},"end":{"line":37,"column":10}},{"start":{"line":39,"column":3},"end":{"line":41,"column":10}},{"start":{"line":43,"column":3},"end":{"line":45,"column":10}}],"line":30},"3":{"loc":{"start":{"line":48,"column":2},"end":{"line":50,"column":3}},"type":"if","locations":[{"start":{"line":48,"column":2},"end":{"line":50,"column":3}},{"start":{"line":48,"column":2},"end":{"line":50,"column":3}}],"line":48},"4":{"loc":{"start":{"line":54,"column":12},"end":{"line":54,"column":53}},"type":"cond-expr","locations":[{"start":{"line":54,"column":37},"end":{"line":54,"column":44}},{"start":{"line":54,"column":47},"end":{"line":54,"column":53}}],"line":54}},"s":{"0":0,"1":0,"2":0,"3":0,"4":1,"5":0,"6":0,"7":1,"8":1,"9":0,"10":0,"11":0,"12":0,"13":0,"14":0,"15":1,"16":1,"17":1,"18":0,"19":1,"20":1},"f":{"0":0,"1":0,"2":1,"3":0,"4":1},"b":{"0":[0,0],"1":[0,1],"2":[0,0,0,1],"3":[0,1],"4":[1,0]},"_coverageSchema":"43e27e138ebf9cfc5966b082cf9a028302ed4184","hash":"0b7d579264549811747fc1274c9c6e4c5d62083d"}
}
