TN:
SF:/Users/adriano/local-sites/rest-routes/app/public/wp-content/plugins/rest-routes-pro/admin-notice/src/AdminNotice.js
FN:9,(anonymous_0)
FN:10,(anonymous_1)
FN:19,(anonymous_2)
FN:21,(anonymous_3)
FN:27,(anonymous_4)
FNF:5
FNH:2
FNDA:0,(anonymous_0)
FNDA:0,(anonymous_1)
FNDA:1,(anonymous_2)
FNDA:0,(anonymous_3)
FNDA:1,(anonymous_4)
DA:10,0
DA:11,0
DA:13,0
DA:14,0
DA:20,1
DA:21,0
DA:22,0
DA:28,1
DA:30,1
DA:32,0
DA:33,0
DA:36,0
DA:37,0
DA:40,0
DA:41,0
DA:44,1
DA:45,1
DA:48,1
DA:49,0
DA:52,1
DA:57,1
LF:21
LH:8
BRDA:13,0,0,0
BRDA:13,0,1,0
BRDA:20,1,0,0
BRDA:20,1,1,1
BRDA:30,2,0,0
BRDA:30,2,1,0
BRDA:30,2,2,0
BRDA:30,2,3,1
BRDA:48,3,0,0
BRDA:48,3,1,1
BRDA:54,4,0,1
BRDA:54,4,1,0
BRF:12
BRH:4
end_of_record
